<?xml version="1.0" encoding="UTF-8" ?>
<testsuite failures="0" time="2.006" errors="0" skipped="0" tests="24" name="org.mymeter.test.TestISOClientAtivacao">
  <properties>
[...]
</properties>
  <testcase time="0.105" classname="org.mymeter.test.TestISOClientAtivacao" name="buildMessage__AreasEspeciais_1CAD2H_Carro__MessageBuiltAccordingly"/>
  <testcase time="0.095" classname="org.mymeter.test.TestISOClientAtivacao" name="buildMessage__AreasEspeciais_2CAD6H_Carro__MessageBuiltAccordingly"/>
  <testcase time="0.084" classname="org.mymeter.test.TestISOClientAtivacao" name="buildMessage__AreasEspeciais_2CAD4H_Carro__MessageBuiltAccordingly"/>
  <testcase time="0.074" classname="org.mymeter.test.TestISOClientAtivacao" name="buildMessage__BolsaoCaminhao_1CAD_Moto__MessageBuiltAccordingly"/>
  <testcase time="0.075" classname="org.mymeter.test.TestISOClientAtivacao" name="buildMessage__RegraGeral_1CAD_Moto__MessageBuiltAccordingly"/>
  <testcase time="0.073" classname="org.mymeter.test.TestISOClientAtivacao" name="buildMessage__BolsaoCaminhao_1CAD_Carro__MessageBuiltAccordingly"/>
  <testcase time="0.079" classname="org.mymeter.test.TestISOClientAtivacao" name="buildMessage__RegraGeral_1CAD_Carro__MessageBuiltAccordingly"/>
  <testcase time="0.076" classname="org.mymeter.test.TestISOClientAtivacao" name="buildMessage__RegraGeral_2CAD_Caminhao__MessageBuiltAccordingly"/>
  <testcase time="0.073" classname="org.mymeter.test.TestISOClientAtivacao" name="buildMessage__BolsaoCaminhao_2CAD_Moto__MessageBuiltAccordingly"/>
  <testcase time="0.073" classname="org.mymeter.test.TestISOClientAtivacao" name="buildMessage__RegraGeral_2CAD_Moto__MessageBuiltAccordingly"/>
  <testcase time="0.079" classname="org.mymeter.test.TestISOClientAtivacao" name="buildMessage__AreasEspeciais_2CAD4H_Moto__MessageBuiltAccordingly"/>
  <testcase time="0.072" classname="org.mymeter.test.TestISOClientAtivacao" name="buildMessage__AreasEspeciais_1CAD3H_Moto__MessageBuiltAccordingly"/>
  <testcase time="0.075" classname="org.mymeter.test.TestISOClientAtivacao" name="buildMessage__AreasEspeciais_1CAD2H_Caminhao__MessageBuiltAccordingly"/>
  <testcase time="0.072" classname="org.mymeter.test.TestISOClientAtivacao" name="buildMessage__AreasEspeciais_1CAD3H_Carro__MessageBuiltAccordingly"/>
  <testcase time="0.075" classname="org.mymeter.test.TestISOClientAtivacao" name="buildMessage__AreasEspeciais_2CAD6H_Moto__MessageBuiltAccordingly"/>
  <testcase time="0.072" classname="org.mymeter.test.TestISOClientAtivacao" name="buildMessage__BolsaoCaminhao_1CAD_Caminhao__MessageBuiltAccordingly"/>
  <testcase time="0.075" classname="org.mymeter.test.TestISOClientAtivacao" name="buildMessage__AreasEspeciais_2CAD6H_Caminhao__MessageBuiltAccordingly"/>
  <testcase time="0.073" classname="org.mymeter.test.TestISOClientAtivacao" name="buildMessage__BolsaoCaminhao_2CAD_Carro__MessageBuiltAccordingly"/>
  <testcase time="0.072" classname="org.mymeter.test.TestISOClientAtivacao" name="buildMessage__RegraGeral_2CAD_Carro__MessageBuiltAccordingly"/>
  <testcase time="0.103" classname="org.mymeter.test.TestISOClientAtivacao" name="buildMessage__AreasEspeciais_2CAD4H_Caminhao__MessageBuiltAccordingly"/>
  <testcase time="0.099" classname="org.mymeter.test.TestISOClientAtivacao" name="buildMessage__RegraGeral_1CAD_Caminhao__MessageBuiltAccordingly"/>
  <testcase time="0.112" classname="org.mymeter.test.TestISOClientAtivacao" name="buildMessage__BolsaoCaminhao_2CAD_Caminhao__MessageBuiltAccordingly"/>
  <testcase time="0.113" classname="org.mymeter.test.TestISOClientAtivacao" name="buildMessage__AreasEspeciais_1CAD3H_Caminhao__MessageBuiltAccordingly"/>
  <testcase time="0.107" classname="org.mymeter.test.TestISOClientAtivacao" name="buildMessage__AreasEspeciais_1CAD2H_Moto__MessageBuiltAccordingly"/>
</testsuite>